<?xml version="1.0" encoding="UTF-8"?>
<testng-results ignored="0" total="3" passed="3" failed="0" skipped="0">
  <reporter-output>
  </reporter-output>
  <suite started-at="2020-10-07T15:19:13 IST" name="Default suite" finished-at="2020-10-07T15:19:14 IST" duration-ms="155">
    <groups>
    </groups>
    <test started-at="2020-10-07T15:19:13 IST" name="Default test" finished-at="2020-10-07T15:19:14 IST" duration-ms="155">
      <class name="String_Methods.Patterns">
        <test-method signature="printin_rightangle_triangle()[pri:0, instance:String_Methods.Patterns@2928854b]" started-at="2020-10-07T15:19:14 IST" name="printin_rightangle_triangle" finished-at="2020-10-07T15:19:14 IST" duration-ms="37" status="PASS">
          <reporter-output>
          </reporter-output>
        </test-method> <!-- printin_rightangle_triangle -->
        <test-method signature="printing_p()[pri:0, instance:String_Methods.Patterns@2928854b]" started-at="2020-10-07T15:19:14 IST" name="printing_p" finished-at="2020-10-07T15:19:14 IST" duration-ms="13" status="PASS">
          <reporter-output>
          </reporter-output>
        </test-method> <!-- printing_p -->
        <test-method signature="printing_x()[pri:0, instance:String_Methods.Patterns@2928854b]" started-at="2020-10-07T15:19:14 IST" name="printing_x" finished-at="2020-10-07T15:19:14 IST" duration-ms="0" status="PASS">
          <reporter-output>
          </reporter-output>
        </test-method> <!-- printing_x -->
      </class> <!-- String_Methods.Patterns -->
    </test> <!-- Default test -->
  </suite> <!-- Default suite -->
</testng-results>
